0 info it worked if it ends with ok
1 verbose cli [ 'node', '/usr/local/bin/npm', 'install', '--save', 'request' ]
2 info using npm@1.4.28
3 info using node@v0.10.32
4 warn package.json MediaMon@1.0.0 No description
5 warn package.json MediaMon@1.0.0 No README data
6 verbose readDependencies using package.json deps
7 verbose cache add [ 'request', null ]
8 verbose cache add name=undefined spec="request" args=["request",null]
9 verbose parsed url { protocol: null,
9 verbose parsed url   slashes: null,
9 verbose parsed url   auth: null,
9 verbose parsed url   host: null,
9 verbose parsed url   port: null,
9 verbose parsed url   hostname: null,
9 verbose parsed url   hash: null,
9 verbose parsed url   search: null,
9 verbose parsed url   query: null,
9 verbose parsed url   pathname: 'request',
9 verbose parsed url   path: 'request',
9 verbose parsed url   href: 'request' }
10 silly lockFile 088e29b0-request request
11 verbose lock request /Users/yinmei/.npm/088e29b0-request.lock
12 silly lockFile 088e29b0-request request
13 silly lockFile 088e29b0-request request
14 verbose addNamed [ 'request', '' ]
15 verbose addNamed [ null, '*' ]
16 silly lockFile 9d461bcf-request request@
17 verbose lock request@ /Users/yinmei/.npm/9d461bcf-request.lock
18 silly addNameRange { name: 'request', range: '*', hasData: false }
19 verbose request where is /request
20 verbose request registry https://registry.npmjs.org/
21 verbose request id ff58854f4f1d133b
22 verbose url raw /request
23 verbose url resolving [ 'https://registry.npmjs.org/', './request' ]
24 verbose url resolved https://registry.npmjs.org/request
25 verbose request where is https://registry.npmjs.org/request
26 info trying registry request attempt 1 at 17:36:26
27 verbose etag "2VL6ZVP9RYHOWL9FSIHHLH8UI"
28 http GET https://registry.npmjs.org/request
29 http 304 https://registry.npmjs.org/request
30 silly registry.get cb [ 304,
30 silly registry.get   { date: 'Tue, 28 Oct 2014 00:36:27 GMT',
30 silly registry.get     server: 'Apache',
30 silly registry.get     via: '1.1 varnish',
30 silly registry.get     'last-modified': 'Tue, 28 Oct 2014 00:35:43 GMT',
30 silly registry.get     'cache-control': 'max-age=60',
30 silly registry.get     etag: '"2VL6ZVP9RYHOWL9FSIHHLH8UI"',
30 silly registry.get     age: '46',
30 silly registry.get     'x-served-by': 'cache-lax1428-LAX',
30 silly registry.get     'x-cache': 'HIT',
30 silly registry.get     'x-cache-hits': '3',
30 silly registry.get     'x-timer': 'S1414456587.456854,VS0,VE0',
30 silly registry.get     vary: 'Accept',
30 silly registry.get     'content-length': '0',
30 silly registry.get     'keep-alive': 'timeout=10, max=50',
30 silly registry.get     connection: 'Keep-Alive' } ]
31 verbose etag https://registry.npmjs.org/request from cache
32 silly addNameRange number 2 { name: 'request', range: '*', hasData: true }
33 silly addNameRange versions [ 'request',
33 silly addNameRange   [ '0.10.0',
33 silly addNameRange     '0.8.3',
33 silly addNameRange     '0.9.0',
33 silly addNameRange     '0.9.1',
33 silly addNameRange     '0.9.5',
33 silly addNameRange     '1.0.0',
33 silly addNameRange     '1.1.0',
33 silly addNameRange     '1.1.1',
33 silly addNameRange     '1.2.0',
33 silly addNameRange     '1.9.0',
33 silly addNameRange     '1.9.1',
33 silly addNameRange     '1.9.2',
33 silly addNameRange     '1.9.3',
33 silly addNameRange     '1.9.5',
33 silly addNameRange     '1.9.7',
33 silly addNameRange     '1.9.8',
33 silly addNameRange     '1.9.9',
33 silly addNameRange     '2.0.0',
33 silly addNameRange     '2.0.1',
33 silly addNameRange     '2.0.2',
33 silly addNameRange     '2.0.3',
33 silly addNameRange     '2.0.4',
33 silly addNameRange     '2.0.5',
33 silly addNameRange     '2.1.0',
33 silly addNameRange     '2.1.1',
33 silly addNameRange     '2.2.0',
33 silly addNameRange     '2.2.5',
33 silly addNameRange     '2.2.6',
33 silly addNameRange     '2.2.9',
33 silly addNameRange     '2.9.0',
33 silly addNameRange     '2.9.1',
33 silly addNameRange     '2.9.2',
33 silly addNameRange     '2.9.3',
33 silly addNameRange     '2.9.100',
33 silly addNameRange     '2.9.150',
33 silly addNameRange     '2.9.151',
33 silly addNameRange     '2.9.152',
33 silly addNameRange     '2.9.153',
33 silly addNameRange     '2.9.200',
33 silly addNameRange     '2.9.201',
33 silly addNameRange     '2.9.202',
33 silly addNameRange     '2.9.203',
33 silly addNameRange     '2.10.0',
33 silly addNameRange     '2.11.0',
33 silly addNameRange     '2.11.1',
33 silly addNameRange     '2.11.2',
33 silly addNameRange     '2.11.3',
33 silly addNameRange     '2.11.4',
33 silly addNameRange     '2.12.0',
33 silly addNameRange     '2.14.0',
33 silly addNameRange     '2.16.0',
33 silly addNameRange     '2.16.2',
33 silly addNameRange     '2.16.4',
33 silly addNameRange     '2.16.6',
33 silly addNameRange     '2.18.0',
33 silly addNameRange     '2.19.0',
33 silly addNameRange     '2.20.0',
33 silly addNameRange     '2.21.0',
33 silly addNameRange     '2.22.0',
33 silly addNameRange     '2.23.0',
33 silly addNameRange     '2.24.0',
33 silly addNameRange     '2.25.0',
33 silly addNameRange     '2.26.0',
33 silly addNameRange     '2.27.0',
33 silly addNameRange     '2.28.0',
33 silly addNameRange     '2.29.0',
33 silly addNameRange     '2.30.0',
33 silly addNameRange     '2.31.0',
33 silly addNameRange     '2.32.0',
33 silly addNameRange     '2.33.0',
33 silly addNameRange     '2.34.0',
33 silly addNameRange     '2.35.0',
33 silly addNameRange     '2.36.0',
33 silly addNameRange     '2.37.0',
33 silly addNameRange     '2.38.0',
33 silly addNameRange     '2.39.0',
33 silly addNameRange     '2.40.0',
33 silly addNameRange     '2.41.0',
33 silly addNameRange     '2.42.0',
33 silly addNameRange     '2.43.0',
33 silly addNameRange     '2.44.0',
33 silly addNameRange     '2.45.0',
33 silly addNameRange     '2.46.0',
33 silly addNameRange     '2.47.0' ] ]
34 verbose addNamed [ 'request', '2.47.0' ]
35 verbose addNamed [ '2.47.0', '2.47.0' ]
36 silly lockFile 6725db09-request-2-47-0 request@2.47.0
37 verbose lock request@2.47.0 /Users/yinmei/.npm/6725db09-request-2-47-0.lock
38 silly lockFile 5a101fd8-s-org-request-request-2-47-0-tgz https://registry.npmjs.org/request/-/request-2.47.0.tgz
39 verbose lock https://registry.npmjs.org/request/-/request-2.47.0.tgz /Users/yinmei/.npm/5a101fd8-s-org-request-request-2-47-0-tgz.lock
40 verbose addRemoteTarball [ 'https://registry.npmjs.org/request/-/request-2.47.0.tgz',
40 verbose addRemoteTarball   '09e9fd1a4fed6593a805ef8202b20f0c5ecb485f' ]
41 info retry fetch attempt 1 at 17:36:27
42 verbose fetch to= /var/folders/l7/dz0r59zn7xlg4c88l45k6kxh0000gn/T/npm-60609-yQwP39v8/registry.npmjs.org/request/-/request-2.47.0.tgz
43 http GET https://registry.npmjs.org/request/-/request-2.47.0.tgz
44 http 200 https://registry.npmjs.org/request/-/request-2.47.0.tgz
45 silly lockFile 5a101fd8-s-org-request-request-2-47-0-tgz https://registry.npmjs.org/request/-/request-2.47.0.tgz
46 silly lockFile 5a101fd8-s-org-request-request-2-47-0-tgz https://registry.npmjs.org/request/-/request-2.47.0.tgz
47 silly lockFile 6725db09-request-2-47-0 request@2.47.0
48 silly lockFile 6725db09-request-2-47-0 request@2.47.0
49 silly lockFile 9d461bcf-request request@
50 silly lockFile 9d461bcf-request request@
51 error Error: EACCES, mkdir '/Users/yinmei/.npm/request/2.47.0'
51 error  { [Error: EACCES, mkdir '/Users/yinmei/.npm/request/2.47.0']
51 error   errno: 3,
51 error   code: 'EACCES',
51 error   path: '/Users/yinmei/.npm/request/2.47.0',
51 error   parent: 'MediaMon' }
52 error Please try running this command again as root/Administrator.
53 error System Darwin 13.4.0
54 error command "node" "/usr/local/bin/npm" "install" "--save" "request"
55 error cwd /Users/yinmei/code/GA/Project1/MediaMon
56 error node -v v0.10.32
57 error npm -v 1.4.28
58 error path /Users/yinmei/.npm/request/2.47.0
59 error code EACCES
60 error errno 3
61 error stack Error: EACCES, mkdir '/Users/yinmei/.npm/request/2.47.0'
62 verbose exit [ 3, true ]
